<?xml version="1.0" encoding="UTF-8"?>
<testng-results ignored="0" total="1" passed="1" failed="0" skipped="0">
  <reporter-output>
  </reporter-output>
  <suite started-at="2024-01-20T18:58:53 IST" name="Default suite" finished-at="2024-01-20T18:58:56 IST" duration-ms="3542">
    <groups>
    </groups>
    <test started-at="2024-01-20T18:58:53 IST" name="Default test" finished-at="2024-01-20T18:58:56 IST" duration-ms="3542">
      <class name="testAPI.apiPayloadInputUsingPath">
        <test-method signature="TestRunAPI()[pri:0, instance:testAPI.apiPayloadInputUsingPath@6cd28fa7]" started-at="2024-01-20T18:58:53 IST" name="TestRunAPI" finished-at="2024-01-20T18:58:56 IST" duration-ms="3495" status="PASS">
          <reporter-output>
          </reporter-output>
        </test-method> <!-- TestRunAPI -->
      </class> <!-- testAPI.apiPayloadInputUsingPath -->
    </test> <!-- Default test -->
  </suite> <!-- Default suite -->
</testng-results>
